2021-07-27 12:45:45 [main] INFO  o.s.b.t.c.SpringBootTestContextBootstrapper -
				Neither @ContextConfiguration nor @ContextHierarchy found for test class [com.api2.Api2ApplicationTests], using SpringBootContextLoader
2021-07-27 12:45:45 [main] INFO  o.s.t.c.s.AbstractContextLoader -
				Could not detect default resource locations for test class [com.api2.Api2ApplicationTests]: no resource found for suffixes {-context.xml, Context.groovy}.
2021-07-27 12:45:45 [main] INFO  o.s.t.c.s.AnnotationConfigContextLoaderUtils -
				Could not detect default configuration classes for test class [com.api2.Api2ApplicationTests]: Api2ApplicationTests does not declare any static, non-private, non-final, nested classes annotated with @Configuration.
2021-07-27 12:45:48 [main] INFO  o.s.b.t.c.SpringBootTestContextBootstrapper -
				Found @SpringBootConfiguration com.api2.Api2Application for test class com.api2.Api2ApplicationTests
2021-07-27 12:45:49 [main] INFO  o.s.b.t.c.SpringBootTestContextBootstrapper -
				Loaded default TestExecutionListener class names from location [META-INF/spring.factories]: [org.springframework.boot.test.mock.mockito.MockitoTestExecutionListener, org.springframework.boot.test.mock.mockito.ResetMocksTestExecutionListener, org.springframework.boot.test.autoconfigure.restdocs.RestDocsTestExecutionListener, org.springframework.boot.test.autoconfigure.web.client.MockRestServiceServerResetTestExecutionListener, org.springframework.boot.test.autoconfigure.web.servlet.MockMvcPrintOnlyOnFailureTestExecutionListener, org.springframework.boot.test.autoconfigure.web.servlet.WebDriverTestExecutionListener, org.springframework.boot.test.autoconfigure.webservices.client.MockWebServiceServerTestExecutionListener, org.springframework.test.context.web.ServletTestExecutionListener, org.springframework.test.context.support.DirtiesContextBeforeModesTestExecutionListener, org.springframework.test.context.event.ApplicationEventsTestExecutionListener, org.springframework.test.context.support.DependencyInjectionTestExecutionListener, org.springframework.test.context.support.DirtiesContextTestExecutionListener, org.springframework.test.context.transaction.TransactionalTestExecutionListener, org.springframework.test.context.jdbc.SqlScriptsTestExecutionListener, org.springframework.test.context.event.EventPublishingTestExecutionListener]
2021-07-27 12:45:50 [main] INFO  o.s.b.t.c.SpringBootTestContextBootstrapper -
				Using TestExecutionListeners: [org.springframework.test.context.web.ServletTestExecutionListener@2a53f215, org.springframework.test.context.support.DirtiesContextBeforeModesTestExecutionListener@6b63e6ad, org.springframework.test.context.event.ApplicationEventsTestExecutionListener@7beae796, org.springframework.boot.test.mock.mockito.MockitoTestExecutionListener@6749fe50, org.springframework.boot.test.autoconfigure.SpringBootDependencyInjectionTestExecutionListener@52bf7bf6, org.springframework.test.context.support.DirtiesContextTestExecutionListener@261db982, org.springframework.test.context.transaction.TransactionalTestExecutionListener@ae73c80, org.springframework.test.context.jdbc.SqlScriptsTestExecutionListener@22f4f8f2, org.springframework.test.context.event.EventPublishingTestExecutionListener@bbd4791, org.springframework.boot.test.mock.mockito.ResetMocksTestExecutionListener@40a72ecd, org.springframework.boot.test.autoconfigure.restdocs.RestDocsTestExecutionListener@73971965, org.springframework.boot.test.autoconfigure.web.client.MockRestServiceServerResetTestExecutionListener@76a14c8d, org.springframework.boot.test.autoconfigure.web.servlet.MockMvcPrintOnlyOnFailureTestExecutionListener@17410c07, org.springframework.boot.test.autoconfigure.web.servlet.WebDriverTestExecutionListener@6ee99964, org.springframework.boot.test.autoconfigure.webservices.client.MockWebServiceServerTestExecutionListener@257ef9ed]
2021-07-27 12:45:53 [main] INFO  com.api2.Api2ApplicationTests -
				Starting Api2ApplicationTests using Java 15.0.2 on DESKTOP-QNMA0KE with PID 14404 (started by JISHNU in C:\Users\JISHNU\git\api2\api2)
2021-07-27 12:45:53 [main] INFO  com.api2.Api2ApplicationTests -
				No active profile set, falling back to default profiles: default
2021-07-27 12:46:04 [main] INFO  o.s.d.r.c.RepositoryConfigurationDelegate -
				Bootstrapping Spring Data JPA repositories in DEFAULT mode.
2021-07-27 12:46:04 [main] INFO  o.s.d.r.c.RepositoryConfigurationDelegate -
				Finished Spring Data repository scanning in 250 ms. Found 1 JPA repository interfaces.
2021-07-27 12:46:07 [main] INFO  com.zaxxer.hikari.HikariDataSource -
				HikariPool-1 - Starting...
2021-07-27 12:46:22 [main] INFO  com.zaxxer.hikari.HikariDataSource -
				HikariPool-1 - Start completed.
2021-07-27 12:46:24 [main] INFO  o.h.jpa.internal.util.LogHelper -
				HHH000204: Processing PersistenceUnitInfo [name: default]
2021-07-27 12:46:25 [main] INFO  org.hibernate.Version -
				HHH000412: Hibernate ORM core version 5.4.32.Final
2021-07-27 12:46:27 [main] INFO  o.h.annotations.common.Version -
				HCANN000001: Hibernate Commons Annotations {5.1.2.Final}
2021-07-27 12:46:29 [main] INFO  org.hibernate.dialect.Dialect -
				HHH000400: Using dialect: org.hibernate.dialect.MySQL8Dialect
2021-07-27 12:46:36 [main] INFO  o.h.e.t.j.p.i.JtaPlatformInitiator -
				HHH000490: Using JtaPlatform implementation: [org.hibernate.engine.transaction.jta.platform.internal.NoJtaPlatform]
2021-07-27 12:46:36 [main] INFO  o.s.o.j.LocalContainerEntityManagerFactoryBean -
				Initialized JPA EntityManagerFactory for persistence unit 'default'
2021-07-27 12:46:40 [main] WARN  o.s.b.a.o.j.JpaBaseConfiguration$JpaWebConfiguration -
				spring.jpa.open-in-view is enabled by default. Therefore, database queries may be performed during view rendering. Explicitly configure spring.jpa.open-in-view to disable this warning
2021-07-27 12:46:42 [main] INFO  s.d.s.w.PropertySourcedRequestMappingHandlerMapping -
				Mapped URL path [/v2/api-docs] onto method [springfox.documentation.swagger2.web.Swagger2Controller#getDocumentation(String, HttpServletRequest)]
2021-07-27 12:46:45 [main] INFO  s.d.s.w.p.DocumentationPluginsBootstrapper -
				Context refreshed
2021-07-27 12:46:45 [main] INFO  s.d.s.w.p.DocumentationPluginsBootstrapper -
				Found 1 custom documentation plugin(s)
2021-07-27 12:46:45 [main] INFO  s.d.s.w.s.ApiListingReferenceScanner -
				Scanning for api listing references
2021-07-27 12:46:45 [main] INFO  com.api2.Api2ApplicationTests -
				Started Api2ApplicationTests in 55.542 seconds (JVM running for 76.586)
2021-07-27 12:46:47 [main] INFO  o.s.b.t.c.SpringBootTestContextBootstrapper -
				Neither @ContextConfiguration nor @ContextHierarchy found for test class [com.api2.service.ProductServiceTest], using SpringBootContextLoader
2021-07-27 12:46:47 [main] INFO  o.s.t.c.s.AbstractContextLoader -
				Could not detect default resource locations for test class [com.api2.service.ProductServiceTest]: no resource found for suffixes {-context.xml, Context.groovy}.
2021-07-27 12:46:47 [main] INFO  o.s.t.c.s.AnnotationConfigContextLoaderUtils -
				Could not detect default configuration classes for test class [com.api2.service.ProductServiceTest]: ProductServiceTest does not declare any static, non-private, non-final, nested classes annotated with @Configuration.
2021-07-27 12:46:47 [main] INFO  o.s.b.t.c.SpringBootTestContextBootstrapper -
				Found @SpringBootConfiguration com.api2.Api2Application for test class com.api2.service.ProductServiceTest
2021-07-27 12:46:47 [main] INFO  o.s.b.t.c.SpringBootTestContextBootstrapper -
				Loaded default TestExecutionListener class names from location [META-INF/spring.factories]: [org.springframework.boot.test.mock.mockito.MockitoTestExecutionListener, org.springframework.boot.test.mock.mockito.ResetMocksTestExecutionListener, org.springframework.boot.test.autoconfigure.restdocs.RestDocsTestExecutionListener, org.springframework.boot.test.autoconfigure.web.client.MockRestServiceServerResetTestExecutionListener, org.springframework.boot.test.autoconfigure.web.servlet.MockMvcPrintOnlyOnFailureTestExecutionListener, org.springframework.boot.test.autoconfigure.web.servlet.WebDriverTestExecutionListener, org.springframework.boot.test.autoconfigure.webservices.client.MockWebServiceServerTestExecutionListener, org.springframework.test.context.web.ServletTestExecutionListener, org.springframework.test.context.support.DirtiesContextBeforeModesTestExecutionListener, org.springframework.test.context.event.ApplicationEventsTestExecutionListener, org.springframework.test.context.support.DependencyInjectionTestExecutionListener, org.springframework.test.context.support.DirtiesContextTestExecutionListener, org.springframework.test.context.transaction.TransactionalTestExecutionListener, org.springframework.test.context.jdbc.SqlScriptsTestExecutionListener, org.springframework.test.context.event.EventPublishingTestExecutionListener]
2021-07-27 12:46:47 [main] INFO  o.s.b.t.c.SpringBootTestContextBootstrapper -
				Using TestExecutionListeners: [org.springframework.test.context.web.ServletTestExecutionListener@384e3e54, org.springframework.test.context.support.DirtiesContextBeforeModesTestExecutionListener@4cf63f18, org.springframework.test.context.event.ApplicationEventsTestExecutionListener@b159e06, org.springframework.boot.test.mock.mockito.MockitoTestExecutionListener@1b2c1b36, org.springframework.boot.test.autoconfigure.SpringBootDependencyInjectionTestExecutionListener@52593a99, org.springframework.test.context.support.DirtiesContextTestExecutionListener@2f2ad135, org.springframework.test.context.transaction.TransactionalTestExecutionListener@8688f78, org.springframework.test.context.jdbc.SqlScriptsTestExecutionListener@73e6d0e8, org.springframework.test.context.event.EventPublishingTestExecutionListener@6870a1ff, org.springframework.boot.test.mock.mockito.ResetMocksTestExecutionListener@112a76bd, org.springframework.boot.test.autoconfigure.restdocs.RestDocsTestExecutionListener@5d7538af, org.springframework.boot.test.autoconfigure.web.client.MockRestServiceServerResetTestExecutionListener@1851d279, org.springframework.boot.test.autoconfigure.web.servlet.MockMvcPrintOnlyOnFailureTestExecutionListener@75c3e7d5, org.springframework.boot.test.autoconfigure.web.servlet.WebDriverTestExecutionListener@379ee84e, org.springframework.boot.test.autoconfigure.webservices.client.MockWebServiceServerTestExecutionListener@435a0e52]
2021-07-27 12:46:47 [main] INFO  com.api2.service.ProductServiceTest -
				Starting ProductServiceTest using Java 15.0.2 on DESKTOP-QNMA0KE with PID 14404 (started by JISHNU in C:\Users\JISHNU\git\api2\api2)
2021-07-27 12:46:47 [main] INFO  com.api2.service.ProductServiceTest -
				No active profile set, falling back to default profiles: default
2021-07-27 12:46:48 [main] INFO  o.s.d.r.c.RepositoryConfigurationDelegate -
				Bootstrapping Spring Data JPA repositories in DEFAULT mode.
2021-07-27 12:46:48 [main] INFO  o.s.d.r.c.RepositoryConfigurationDelegate -
				Finished Spring Data repository scanning in 18 ms. Found 1 JPA repository interfaces.
2021-07-27 12:46:49 [main] INFO  com.zaxxer.hikari.HikariDataSource -
				HikariPool-2 - Starting...
2021-07-27 12:46:49 [main] INFO  com.zaxxer.hikari.HikariDataSource -
				HikariPool-2 - Start completed.
2021-07-27 12:46:49 [main] INFO  o.h.jpa.internal.util.LogHelper -
				HHH000204: Processing PersistenceUnitInfo [name: default]
2021-07-27 12:46:49 [main] INFO  org.hibernate.dialect.Dialect -
				HHH000400: Using dialect: org.hibernate.dialect.MySQL8Dialect
2021-07-27 12:46:49 [main] INFO  o.h.e.t.j.p.i.JtaPlatformInitiator -
				HHH000490: Using JtaPlatform implementation: [org.hibernate.engine.transaction.jta.platform.internal.NoJtaPlatform]
2021-07-27 12:46:49 [main] INFO  o.s.o.j.LocalContainerEntityManagerFactoryBean -
				Initialized JPA EntityManagerFactory for persistence unit 'default'
2021-07-27 12:46:50 [main] WARN  o.s.b.a.o.j.JpaBaseConfiguration$JpaWebConfiguration -
				spring.jpa.open-in-view is enabled by default. Therefore, database queries may be performed during view rendering. Explicitly configure spring.jpa.open-in-view to disable this warning
2021-07-27 12:46:50 [main] INFO  s.d.s.w.PropertySourcedRequestMappingHandlerMapping -
				Mapped URL path [/v2/api-docs] onto method [springfox.documentation.swagger2.web.Swagger2Controller#getDocumentation(String, HttpServletRequest)]
2021-07-27 12:46:51 [main] INFO  s.d.s.w.p.DocumentationPluginsBootstrapper -
				Context refreshed
2021-07-27 12:46:51 [main] INFO  s.d.s.w.p.DocumentationPluginsBootstrapper -
				Found 1 custom documentation plugin(s)
2021-07-27 12:46:51 [main] INFO  s.d.s.w.s.ApiListingReferenceScanner -
				Scanning for api listing references
2021-07-27 12:46:51 [main] INFO  com.api2.service.ProductServiceTest -
				Started ProductServiceTest in 4.147 seconds (JVM running for 82.182)
2021-07-27 12:46:52 [main] INFO  com.api2.service.ProductServiceImpl -
				Called deleteProduct service
2021-07-27 12:46:52 [main] INFO  com.api2.service.ProductServiceImpl -
				Product was not Deleted because product was not expired
2021-07-27 12:46:52 [main] INFO  com.api2.service.ProductServiceImpl -
				Exit from deleteProduct service
2021-07-27 12:46:52 [main] INFO  com.api2.service.ProductServiceImpl -
				Called addProduct Service
2021-07-27 12:46:52 [main] INFO  com.api2.service.ProductServiceImpl -
				Product was added
2021-07-27 12:46:52 [main] INFO  com.api2.service.ProductServiceImpl -
				Exited addProduct service
2021-07-27 12:46:52 [main] INFO  com.api2.service.ProductServiceImpl -
				Called getProductById service
2021-07-27 12:46:52 [main] INFO  com.api2.service.ProductServiceImpl -
				Product is Present and Returned
2021-07-27 12:46:52 [main] INFO  com.api2.service.ProductServiceImpl -
				Exited getProductById service
2021-07-27 12:46:52 [main] INFO  com.api2.service.ProductServiceImpl -
				Called updateProductService
2021-07-27 12:46:52 [main] INFO  com.api2.service.ProductServiceImpl -
				Product was updated
2021-07-27 12:46:52 [main] INFO  com.api2.service.ProductServiceImpl -
				Exited updateProduct service
2021-07-27 12:46:53 [SpringApplicationShutdownHook] INFO  o.s.o.j.LocalContainerEntityManagerFactoryBean -
				Closing JPA EntityManagerFactory for persistence unit 'default'
2021-07-27 12:46:53 [SpringApplicationShutdownHook] INFO  com.zaxxer.hikari.HikariDataSource -
				HikariPool-1 - Shutdown initiated...
2021-07-27 12:46:53 [SpringApplicationShutdownHook] INFO  com.zaxxer.hikari.HikariDataSource -
				HikariPool-1 - Shutdown completed.
2021-07-27 12:46:53 [SpringApplicationShutdownHook] INFO  o.s.o.j.LocalContainerEntityManagerFactoryBean -
				Closing JPA EntityManagerFactory for persistence unit 'default'
2021-07-27 12:46:53 [SpringApplicationShutdownHook] INFO  com.zaxxer.hikari.HikariDataSource -
				HikariPool-2 - Shutdown initiated...
2021-07-27 12:46:53 [SpringApplicationShutdownHook] INFO  com.zaxxer.hikari.HikariDataSource -
				HikariPool-2 - Shutdown completed.
