2021-07-01 21:07:51 [main] INFO  o.s.b.t.c.SpringBootTestContextBootstrapper -
				Neither @ContextConfiguration nor @ContextHierarchy found for test class [com.api2.service.ProductServiceTest], using SpringBootContextLoader
2021-07-01 21:07:51 [main] INFO  o.s.t.c.s.AbstractContextLoader -
				Could not detect default resource locations for test class [com.api2.service.ProductServiceTest]: no resource found for suffixes {-context.xml, Context.groovy}.
2021-07-01 21:07:52 [main] INFO  o.s.t.c.s.AnnotationConfigContextLoaderUtils -
				Could not detect default configuration classes for test class [com.api2.service.ProductServiceTest]: ProductServiceTest does not declare any static, non-private, non-final, nested classes annotated with @Configuration.
2021-07-01 21:07:52 [main] INFO  o.s.b.t.c.SpringBootTestContextBootstrapper -
				Found @SpringBootConfiguration com.api2.Api2Application for test class com.api2.service.ProductServiceTest
2021-07-01 21:07:52 [main] INFO  o.s.b.t.c.SpringBootTestContextBootstrapper -
				Loaded default TestExecutionListener class names from location [META-INF/spring.factories]: [org.springframework.boot.test.mock.mockito.MockitoTestExecutionListener, org.springframework.boot.test.mock.mockito.ResetMocksTestExecutionListener, org.springframework.boot.test.autoconfigure.restdocs.RestDocsTestExecutionListener, org.springframework.boot.test.autoconfigure.web.client.MockRestServiceServerResetTestExecutionListener, org.springframework.boot.test.autoconfigure.web.servlet.MockMvcPrintOnlyOnFailureTestExecutionListener, org.springframework.boot.test.autoconfigure.web.servlet.WebDriverTestExecutionListener, org.springframework.boot.test.autoconfigure.webservices.client.MockWebServiceServerTestExecutionListener, org.springframework.test.context.web.ServletTestExecutionListener, org.springframework.test.context.support.DirtiesContextBeforeModesTestExecutionListener, org.springframework.test.context.event.ApplicationEventsTestExecutionListener, org.springframework.test.context.support.DependencyInjectionTestExecutionListener, org.springframework.test.context.support.DirtiesContextTestExecutionListener, org.springframework.test.context.transaction.TransactionalTestExecutionListener, org.springframework.test.context.jdbc.SqlScriptsTestExecutionListener, org.springframework.test.context.event.EventPublishingTestExecutionListener]
2021-07-01 21:07:52 [main] INFO  o.s.b.t.c.SpringBootTestContextBootstrapper -
				Using TestExecutionListeners: [org.springframework.test.context.web.ServletTestExecutionListener@56f6d40b, org.springframework.test.context.support.DirtiesContextBeforeModesTestExecutionListener@36676c1a, org.springframework.test.context.event.ApplicationEventsTestExecutionListener@5b408dc3, org.springframework.boot.test.mock.mockito.MockitoTestExecutionListener@4d098f9b, org.springframework.boot.test.autoconfigure.SpringBootDependencyInjectionTestExecutionListener@2dbf4cbd, org.springframework.test.context.support.DirtiesContextTestExecutionListener@20b5f2ac, org.springframework.test.context.transaction.TransactionalTestExecutionListener@7fc44dec, org.springframework.test.context.jdbc.SqlScriptsTestExecutionListener@7e3060d8, org.springframework.test.context.event.EventPublishingTestExecutionListener@293d0107, org.springframework.boot.test.mock.mockito.ResetMocksTestExecutionListener@2692b61e, org.springframework.boot.test.autoconfigure.restdocs.RestDocsTestExecutionListener@7b64240d, org.springframework.boot.test.autoconfigure.web.client.MockRestServiceServerResetTestExecutionListener@62fad19, org.springframework.boot.test.autoconfigure.web.servlet.MockMvcPrintOnlyOnFailureTestExecutionListener@47dbb1e2, org.springframework.boot.test.autoconfigure.web.servlet.WebDriverTestExecutionListener@74cadd41, org.springframework.boot.test.autoconfigure.webservices.client.MockWebServiceServerTestExecutionListener@2e54db99]
2021-07-01 21:07:53 [main] INFO  com.api2.service.ProductServiceTest -
				Starting ProductServiceTest using Java 15.0.2 on DESKTOP-QNMA0KE with PID 5700 (started by JISHNU in C:\Users\JISHNU\git\api2\api2)
2021-07-01 21:07:53 [main] INFO  com.api2.service.ProductServiceTest -
				No active profile set, falling back to default profiles: default
2021-07-01 21:07:55 [main] INFO  o.s.d.r.c.RepositoryConfigurationDelegate -
				Bootstrapping Spring Data JPA repositories in DEFAULT mode.
2021-07-01 21:07:56 [main] INFO  o.s.d.r.c.RepositoryConfigurationDelegate -
				Finished Spring Data repository scanning in 141 ms. Found 1 JPA repository interfaces.
2021-07-01 21:07:58 [main] INFO  com.zaxxer.hikari.HikariDataSource -
				HikariPool-1 - Starting...
2021-07-01 21:08:01 [main] INFO  com.zaxxer.hikari.HikariDataSource -
				HikariPool-1 - Start completed.
2021-07-01 21:08:02 [main] INFO  o.h.jpa.internal.util.LogHelper -
				HHH000204: Processing PersistenceUnitInfo [name: default]
2021-07-01 21:08:03 [main] INFO  org.hibernate.Version -
				HHH000412: Hibernate ORM core version 5.4.32.Final
2021-07-01 21:08:04 [main] INFO  o.h.annotations.common.Version -
				HCANN000001: Hibernate Commons Annotations {5.1.2.Final}
2021-07-01 21:08:04 [main] INFO  org.hibernate.dialect.Dialect -
				HHH000400: Using dialect: org.hibernate.dialect.MySQL8Dialect
2021-07-01 21:08:07 [main] INFO  o.h.e.t.j.p.i.JtaPlatformInitiator -
				HHH000490: Using JtaPlatform implementation: [org.hibernate.engine.transaction.jta.platform.internal.NoJtaPlatform]
2021-07-01 21:08:07 [main] INFO  o.s.o.j.LocalContainerEntityManagerFactoryBean -
				Initialized JPA EntityManagerFactory for persistence unit 'default'
2021-07-01 21:08:08 [main] WARN  o.s.b.a.o.j.JpaBaseConfiguration$JpaWebConfiguration -
				spring.jpa.open-in-view is enabled by default. Therefore, database queries may be performed during view rendering. Explicitly configure spring.jpa.open-in-view to disable this warning
2021-07-01 21:08:09 [main] INFO  s.d.s.w.PropertySourcedRequestMappingHandlerMapping -
				Mapped URL path [/v2/api-docs] onto method [springfox.documentation.swagger2.web.Swagger2Controller#getDocumentation(String, HttpServletRequest)]
2021-07-01 21:08:10 [main] INFO  s.d.s.w.p.DocumentationPluginsBootstrapper -
				Context refreshed
2021-07-01 21:08:10 [main] INFO  s.d.s.w.p.DocumentationPluginsBootstrapper -
				Found 1 custom documentation plugin(s)
2021-07-01 21:08:10 [main] INFO  s.d.s.w.s.ApiListingReferenceScanner -
				Scanning for api listing references
2021-07-01 21:08:11 [main] INFO  com.api2.service.ProductServiceTest -
				Started ProductServiceTest in 18.326 seconds (JVM running for 21.246)
2021-07-01 21:08:11 [main] INFO  com.api2.service.ProductServiceImpl -
				Called deleteProduct service
2021-07-01 21:08:11 [main] INFO  com.api2.service.ProductServiceImpl -
				Product was not Deleted because product was not expired
2021-07-01 21:08:11 [main] INFO  com.api2.service.ProductServiceImpl -
				Exited deleteProduct service
2021-07-01 21:08:11 [main] INFO  com.api2.service.ProductServiceImpl -
				Called addProduct Service
2021-07-01 21:08:11 [main] INFO  com.api2.service.ProductServiceImpl -
				Product was added
2021-07-01 21:08:11 [main] INFO  com.api2.service.ProductServiceImpl -
				Exited addProduct service
2021-07-01 21:08:11 [main] INFO  com.api2.service.ProductServiceImpl -
				Called getProductById service
2021-07-01 21:08:11 [main] INFO  com.api2.service.ProductServiceImpl -
				Product is Present and Returned
2021-07-01 21:08:11 [main] INFO  com.api2.service.ProductServiceImpl -
				Exited getProductById service
2021-07-01 21:08:11 [main] INFO  com.api2.service.ProductServiceImpl -
				Called updateProductService
2021-07-01 21:08:11 [main] INFO  com.api2.service.ProductServiceImpl -
				Product was updated
2021-07-01 21:08:11 [main] INFO  com.api2.service.ProductServiceImpl -
				Exited updateProduct service
2021-07-01 21:08:11 [main] INFO  o.s.b.t.c.SpringBootTestContextBootstrapper -
				Neither @ContextConfiguration nor @ContextHierarchy found for test class [com.api2.Api2ApplicationTests], using SpringBootContextLoader
2021-07-01 21:08:11 [main] INFO  o.s.t.c.s.AbstractContextLoader -
				Could not detect default resource locations for test class [com.api2.Api2ApplicationTests]: no resource found for suffixes {-context.xml, Context.groovy}.
2021-07-01 21:08:11 [main] INFO  o.s.t.c.s.AnnotationConfigContextLoaderUtils -
				Could not detect default configuration classes for test class [com.api2.Api2ApplicationTests]: Api2ApplicationTests does not declare any static, non-private, non-final, nested classes annotated with @Configuration.
2021-07-01 21:08:11 [main] INFO  o.s.b.t.c.SpringBootTestContextBootstrapper -
				Found @SpringBootConfiguration com.api2.Api2Application for test class com.api2.Api2ApplicationTests
2021-07-01 21:08:11 [main] INFO  o.s.b.t.c.SpringBootTestContextBootstrapper -
				Loaded default TestExecutionListener class names from location [META-INF/spring.factories]: [org.springframework.boot.test.mock.mockito.MockitoTestExecutionListener, org.springframework.boot.test.mock.mockito.ResetMocksTestExecutionListener, org.springframework.boot.test.autoconfigure.restdocs.RestDocsTestExecutionListener, org.springframework.boot.test.autoconfigure.web.client.MockRestServiceServerResetTestExecutionListener, org.springframework.boot.test.autoconfigure.web.servlet.MockMvcPrintOnlyOnFailureTestExecutionListener, org.springframework.boot.test.autoconfigure.web.servlet.WebDriverTestExecutionListener, org.springframework.boot.test.autoconfigure.webservices.client.MockWebServiceServerTestExecutionListener, org.springframework.test.context.web.ServletTestExecutionListener, org.springframework.test.context.support.DirtiesContextBeforeModesTestExecutionListener, org.springframework.test.context.event.ApplicationEventsTestExecutionListener, org.springframework.test.context.support.DependencyInjectionTestExecutionListener, org.springframework.test.context.support.DirtiesContextTestExecutionListener, org.springframework.test.context.transaction.TransactionalTestExecutionListener, org.springframework.test.context.jdbc.SqlScriptsTestExecutionListener, org.springframework.test.context.event.EventPublishingTestExecutionListener]
2021-07-01 21:08:11 [main] INFO  o.s.b.t.c.SpringBootTestContextBootstrapper -
				Using TestExecutionListeners: [org.springframework.test.context.web.ServletTestExecutionListener@54d6f172, org.springframework.test.context.support.DirtiesContextBeforeModesTestExecutionListener@6d21a69f, org.springframework.test.context.event.ApplicationEventsTestExecutionListener@10b063fd, org.springframework.boot.test.mock.mockito.MockitoTestExecutionListener@48e859f7, org.springframework.boot.test.autoconfigure.SpringBootDependencyInjectionTestExecutionListener@2bd67cf9, org.springframework.test.context.support.DirtiesContextTestExecutionListener@4ba32242, org.springframework.test.context.transaction.TransactionalTestExecutionListener@581f1f40, org.springframework.test.context.jdbc.SqlScriptsTestExecutionListener@52b2c255, org.springframework.test.context.event.EventPublishingTestExecutionListener@4a9b4d4e, org.springframework.boot.test.mock.mockito.ResetMocksTestExecutionListener@18f8c76d, org.springframework.boot.test.autoconfigure.restdocs.RestDocsTestExecutionListener@383d2e2d, org.springframework.boot.test.autoconfigure.web.client.MockRestServiceServerResetTestExecutionListener@7c59f315, org.springframework.boot.test.autoconfigure.web.servlet.MockMvcPrintOnlyOnFailureTestExecutionListener@6c3830ed, org.springframework.boot.test.autoconfigure.web.servlet.WebDriverTestExecutionListener@32a541a8, org.springframework.boot.test.autoconfigure.webservices.client.MockWebServiceServerTestExecutionListener@63b85d97]
2021-07-01 21:08:11 [main] INFO  com.api2.Api2ApplicationTests -
				Starting Api2ApplicationTests using Java 15.0.2 on DESKTOP-QNMA0KE with PID 5700 (started by JISHNU in C:\Users\JISHNU\git\api2\api2)
2021-07-01 21:08:11 [main] INFO  com.api2.Api2ApplicationTests -
				No active profile set, falling back to default profiles: default
2021-07-01 21:08:11 [main] INFO  o.s.d.r.c.RepositoryConfigurationDelegate -
				Bootstrapping Spring Data JPA repositories in DEFAULT mode.
2021-07-01 21:08:11 [main] INFO  o.s.d.r.c.RepositoryConfigurationDelegate -
				Finished Spring Data repository scanning in 24 ms. Found 1 JPA repository interfaces.
2021-07-01 21:08:12 [main] INFO  com.zaxxer.hikari.HikariDataSource -
				HikariPool-2 - Starting...
2021-07-01 21:08:12 [main] INFO  com.zaxxer.hikari.HikariDataSource -
				HikariPool-2 - Start completed.
2021-07-01 21:08:12 [main] INFO  o.h.jpa.internal.util.LogHelper -
				HHH000204: Processing PersistenceUnitInfo [name: default]
2021-07-01 21:08:12 [main] INFO  org.hibernate.dialect.Dialect -
				HHH000400: Using dialect: org.hibernate.dialect.MySQL8Dialect
2021-07-01 21:08:12 [main] INFO  o.h.e.t.j.p.i.JtaPlatformInitiator -
				HHH000490: Using JtaPlatform implementation: [org.hibernate.engine.transaction.jta.platform.internal.NoJtaPlatform]
2021-07-01 21:08:12 [main] INFO  o.s.o.j.LocalContainerEntityManagerFactoryBean -
				Initialized JPA EntityManagerFactory for persistence unit 'default'
2021-07-01 21:08:14 [main] WARN  o.s.b.a.o.j.JpaBaseConfiguration$JpaWebConfiguration -
				spring.jpa.open-in-view is enabled by default. Therefore, database queries may be performed during view rendering. Explicitly configure spring.jpa.open-in-view to disable this warning
2021-07-01 21:08:14 [main] INFO  s.d.s.w.PropertySourcedRequestMappingHandlerMapping -
				Mapped URL path [/v2/api-docs] onto method [springfox.documentation.swagger2.web.Swagger2Controller#getDocumentation(String, HttpServletRequest)]
2021-07-01 21:08:14 [main] INFO  s.d.s.w.p.DocumentationPluginsBootstrapper -
				Context refreshed
2021-07-01 21:08:14 [main] INFO  s.d.s.w.p.DocumentationPluginsBootstrapper -
				Found 1 custom documentation plugin(s)
2021-07-01 21:08:14 [main] INFO  s.d.s.w.s.ApiListingReferenceScanner -
				Scanning for api listing references
2021-07-01 21:08:14 [main] INFO  com.api2.Api2ApplicationTests -
				Started Api2ApplicationTests in 3.725 seconds (JVM running for 25.235)
2021-07-01 21:08:15 [SpringApplicationShutdownHook] INFO  o.s.o.j.LocalContainerEntityManagerFactoryBean -
				Closing JPA EntityManagerFactory for persistence unit 'default'
2021-07-01 21:08:15 [SpringApplicationShutdownHook] INFO  com.zaxxer.hikari.HikariDataSource -
				HikariPool-1 - Shutdown initiated...
2021-07-01 21:08:15 [SpringApplicationShutdownHook] INFO  com.zaxxer.hikari.HikariDataSource -
				HikariPool-1 - Shutdown completed.
2021-07-01 21:08:15 [SpringApplicationShutdownHook] INFO  o.s.o.j.LocalContainerEntityManagerFactoryBean -
				Closing JPA EntityManagerFactory for persistence unit 'default'
2021-07-01 21:08:15 [SpringApplicationShutdownHook] INFO  com.zaxxer.hikari.HikariDataSource -
				HikariPool-2 - Shutdown initiated...
2021-07-01 21:08:15 [SpringApplicationShutdownHook] INFO  com.zaxxer.hikari.HikariDataSource -
				HikariPool-2 - Shutdown completed.
