2021-07-01 16:51:00 [main] INFO  com.api2.Api2Application -
				Starting Api2Application using Java 15.0.2 on DESKTOP-QNMA0KE with PID 13292 (C:\Users\JISHNU\git\api2\api2\target\classes started by JISHNU in C:\Users\JISHNU\git\api2\api2)
2021-07-01 16:51:00 [main] INFO  com.api2.Api2Application -
				No active profile set, falling back to default profiles: default
2021-07-01 16:51:11 [main] INFO  o.s.d.r.c.RepositoryConfigurationDelegate -
				Bootstrapping Spring Data JPA repositories in DEFAULT mode.
2021-07-01 16:51:11 [main] INFO  o.s.d.r.c.RepositoryConfigurationDelegate -
				Finished Spring Data repository scanning in 377 ms. Found 1 JPA repository interfaces.
2021-07-01 16:51:17 [main] INFO  o.s.b.w.e.tomcat.TomcatWebServer -
				Tomcat initialized with port(s): 8080 (http)
2021-07-01 16:51:18 [main] INFO  o.a.coyote.http11.Http11NioProtocol -
				Initializing ProtocolHandler ["http-nio-8080"]
2021-07-01 16:51:18 [main] INFO  o.a.catalina.core.StandardService -
				Starting service [Tomcat]
2021-07-01 16:51:18 [main] INFO  o.a.catalina.core.StandardEngine -
				Starting Servlet engine: [Apache Tomcat/9.0.46]
2021-07-01 16:51:22 [main] INFO  o.a.c.c.C.[Tomcat].[localhost].[/] -
				Initializing Spring embedded WebApplicationContext
2021-07-01 16:51:22 [main] INFO  o.s.b.w.s.c.ServletWebServerApplicationContext -
				Root WebApplicationContext: initialization completed in 21008 ms
2021-07-01 16:51:25 [main] INFO  com.zaxxer.hikari.HikariDataSource -
				HikariPool-1 - Starting...
2021-07-01 16:51:48 [main] INFO  com.zaxxer.hikari.HikariDataSource -
				HikariPool-1 - Start completed.
2021-07-01 16:51:52 [main] INFO  o.h.jpa.internal.util.LogHelper -
				HHH000204: Processing PersistenceUnitInfo [name: default]
2021-07-01 16:51:55 [main] INFO  org.hibernate.Version -
				HHH000412: Hibernate ORM core version 5.4.32.Final
2021-07-01 16:52:01 [main] INFO  o.h.annotations.common.Version -
				HCANN000001: Hibernate Commons Annotations {5.1.2.Final}
2021-07-01 16:52:03 [main] INFO  org.hibernate.dialect.Dialect -
				HHH000400: Using dialect: org.hibernate.dialect.MySQL8Dialect
2021-07-01 16:52:44 [main] INFO  o.h.e.t.j.p.i.JtaPlatformInitiator -
				HHH000490: Using JtaPlatform implementation: [org.hibernate.engine.transaction.jta.platform.internal.NoJtaPlatform]
2021-07-01 16:52:44 [main] INFO  o.s.o.j.LocalContainerEntityManagerFactoryBean -
				Initialized JPA EntityManagerFactory for persistence unit 'default'
2021-07-01 16:52:52 [main] WARN  o.s.b.a.o.j.JpaBaseConfiguration$JpaWebConfiguration -
				spring.jpa.open-in-view is enabled by default. Therefore, database queries may be performed during view rendering. Explicitly configure spring.jpa.open-in-view to disable this warning
2021-07-01 16:52:52 [main] INFO  s.d.s.w.PropertySourcedRequestMappingHandlerMapping -
				Mapped URL path [/v2/api-docs] onto method [springfox.documentation.swagger2.web.Swagger2Controller#getDocumentation(String, HttpServletRequest)]
2021-07-01 16:52:53 [main] INFO  o.a.coyote.http11.Http11NioProtocol -
				Starting ProtocolHandler ["http-nio-8080"]
2021-07-01 16:52:53 [main] WARN  o.s.b.w.s.c.AnnotationConfigServletWebServerApplicationContext -
				Exception encountered during context initialization - cancelling refresh attempt: org.springframework.context.ApplicationContextException: Failed to start bean 'webServerStartStop'; nested exception is org.springframework.boot.web.server.PortInUseException: Port 8080 is already in use
2021-07-01 16:52:53 [main] INFO  o.s.o.j.LocalContainerEntityManagerFactoryBean -
				Closing JPA EntityManagerFactory for persistence unit 'default'
2021-07-01 16:52:53 [main] INFO  com.zaxxer.hikari.HikariDataSource -
				HikariPool-1 - Shutdown initiated...
2021-07-01 16:52:54 [main] INFO  com.zaxxer.hikari.HikariDataSource -
				HikariPool-1 - Shutdown completed.
2021-07-01 16:52:54 [main] INFO  o.a.coyote.http11.Http11NioProtocol -
				Pausing ProtocolHandler ["http-nio-8080"]
2021-07-01 16:52:54 [main] INFO  o.a.catalina.core.StandardService -
				Stopping service [Tomcat]
2021-07-01 16:52:55 [main] INFO  o.a.coyote.http11.Http11NioProtocol -
				Stopping ProtocolHandler ["http-nio-8080"]
2021-07-01 16:52:55 [main] INFO  o.a.coyote.http11.Http11NioProtocol -
				Destroying ProtocolHandler ["http-nio-8080"]
2021-07-01 16:52:55 [main] INFO  o.s.b.a.l.ConditionEvaluationReportLoggingListener -
				

Error starting ApplicationContext. To display the conditions report re-run your application with 'debug' enabled.
2021-07-01 16:52:55 [main] ERROR o.s.b.d.LoggingFailureAnalysisReporter -
				

***************************
APPLICATION FAILED TO START
***************************

Description:

Web server failed to start. Port 8080 was already in use.

Action:

Identify and stop the process that's listening on port 8080 or configure this application to listen on another port.

