2021-08-02 16:30:59 [background-preinit] INFO  o.h.validator.internal.util.Version -
				HV000001: Hibernate Validator 6.2.0.Final
2021-08-02 16:30:59 [main] INFO  com.api2.Api2Application -
				Starting Api2Application using Java 15.0.2 on DESKTOP-QNMA0KE with PID 10024 (C:\Users\JISHNU\git\api2\api2\target\classes started by JISHNU in C:\Users\JISHNU\git\api2\api2)
2021-08-02 16:30:59 [main] INFO  com.api2.Api2Application -
				No active profile set, falling back to default profiles: default
2021-08-02 16:31:02 [main] INFO  o.s.d.r.c.RepositoryConfigurationDelegate -
				Bootstrapping Spring Data JPA repositories in DEFAULT mode.
2021-08-02 16:31:03 [main] INFO  o.s.d.r.c.RepositoryConfigurationDelegate -
				Finished Spring Data repository scanning in 376 ms. Found 1 JPA repository interfaces.
2021-08-02 16:31:03 [main] INFO  o.s.cloud.context.scope.GenericScope -
				BeanFactory id=ba8d9dd8-74f0-321c-9d5c-1e1b260abb9f
2021-08-02 16:31:05 [main] INFO  o.s.b.w.e.tomcat.TomcatWebServer -
				Tomcat initialized with port(s): 0 (http)
2021-08-02 16:31:05 [main] INFO  o.a.coyote.http11.Http11NioProtocol -
				Initializing ProtocolHandler ["http-nio-auto-1"]
2021-08-02 16:31:05 [main] INFO  o.a.catalina.core.StandardService -
				Starting service [Tomcat]
2021-08-02 16:31:05 [main] INFO  o.a.catalina.core.StandardEngine -
				Starting Servlet engine: [Apache Tomcat/9.0.46]
2021-08-02 16:31:05 [main] INFO  o.a.c.c.C.[Tomcat].[localhost].[/] -
				Initializing Spring embedded WebApplicationContext
2021-08-02 16:31:05 [main] INFO  o.s.b.w.s.c.ServletWebServerApplicationContext -
				Root WebApplicationContext: initialization completed in 5600 ms
2021-08-02 16:31:05 [main] INFO  com.zaxxer.hikari.HikariDataSource -
				HikariPool-1 - Starting...
2021-08-02 16:31:06 [main] INFO  com.zaxxer.hikari.HikariDataSource -
				HikariPool-1 - Start completed.
2021-08-02 16:31:07 [main] INFO  o.h.jpa.internal.util.LogHelper -
				HHH000204: Processing PersistenceUnitInfo [name: default]
2021-08-02 16:31:07 [main] INFO  org.hibernate.Version -
				HHH000412: Hibernate ORM core version 5.4.32.Final
2021-08-02 16:31:08 [main] INFO  o.h.annotations.common.Version -
				HCANN000001: Hibernate Commons Annotations {5.1.2.Final}
2021-08-02 16:31:08 [main] INFO  org.hibernate.dialect.Dialect -
				HHH000400: Using dialect: org.hibernate.dialect.MySQL8Dialect
2021-08-02 16:31:10 [main] INFO  o.h.e.t.j.p.i.JtaPlatformInitiator -
				HHH000490: Using JtaPlatform implementation: [org.hibernate.engine.transaction.jta.platform.internal.NoJtaPlatform]
2021-08-02 16:31:10 [main] INFO  o.s.o.j.LocalContainerEntityManagerFactoryBean -
				Initialized JPA EntityManagerFactory for persistence unit 'default'
2021-08-02 16:31:11 [main] WARN  o.s.b.a.o.j.JpaBaseConfiguration$JpaWebConfiguration -
				spring.jpa.open-in-view is enabled by default. Therefore, database queries may be performed during view rendering. Explicitly configure spring.jpa.open-in-view to disable this warning
2021-08-02 16:31:11 [main] INFO  s.d.s.w.PropertySourcedRequestMappingHandlerMapping -
				Mapped URL path [/v2/api-docs] onto method [springfox.documentation.swagger2.web.Swagger2Controller#getDocumentation(String, HttpServletRequest)]
2021-08-02 16:31:12 [main] INFO  o.s.c.n.e.c.DiscoveryClientOptionalArgsConfiguration -
				Eureka HTTP Client uses RestTemplate.
2021-08-02 16:31:12 [main] WARN  o.s.c.l.c.LoadBalancerCacheAutoConfiguration$LoadBalancerCaffeineWarnLogger -
				Spring Cloud LoadBalancer is currently working with the default cache. You can switch to using Caffeine cache, by adding it and org.springframework.cache.caffeine.CaffeineCacheManager to the classpath.
2021-08-02 16:31:13 [main] INFO  o.a.coyote.http11.Http11NioProtocol -
				Starting ProtocolHandler ["http-nio-auto-1"]
2021-08-02 16:31:13 [main] INFO  o.s.b.w.e.tomcat.TomcatWebServer -
				Tomcat started on port(s): 50246 (http) with context path ''
2021-08-02 16:31:13 [main] INFO  o.s.c.n.e.s.EurekaAutoServiceRegistration -
				Updating port to 50246
2021-08-02 16:31:13 [main] INFO  o.s.c.n.eureka.InstanceInfoFactory -
				Setting initial instance status as: STARTING
2021-08-02 16:31:13 [main] INFO  c.netflix.discovery.DiscoveryClient -
				Initializing Eureka in region us-east-1
2021-08-02 16:31:13 [main] INFO  c.n.d.s.r.aws.ConfigClusterResolver -
				Resolving eureka endpoints via configuration
2021-08-02 16:31:13 [main] INFO  c.netflix.discovery.DiscoveryClient -
				Disable delta property : false
2021-08-02 16:31:13 [main] INFO  c.netflix.discovery.DiscoveryClient -
				Single vip registry refresh property : null
2021-08-02 16:31:13 [main] INFO  c.netflix.discovery.DiscoveryClient -
				Force full registry fetch : false
2021-08-02 16:31:13 [main] INFO  c.netflix.discovery.DiscoveryClient -
				Application is null : false
2021-08-02 16:31:13 [main] INFO  c.netflix.discovery.DiscoveryClient -
				Registered Applications size is zero : true
2021-08-02 16:31:13 [main] INFO  c.netflix.discovery.DiscoveryClient -
				Application version is -1: true
2021-08-02 16:31:13 [main] INFO  c.netflix.discovery.DiscoveryClient -
				Getting all instance registry info from the eureka server
2021-08-02 16:31:15 [main] INFO  c.netflix.discovery.DiscoveryClient -
				The response status is 200
2021-08-02 16:31:15 [main] INFO  c.netflix.discovery.DiscoveryClient -
				Starting heartbeat executor: renew interval is: 30
2021-08-02 16:31:15 [main] INFO  c.n.discovery.InstanceInfoReplicator -
				InstanceInfoReplicator onDemand update allowed rate per min is 4
2021-08-02 16:31:15 [main] INFO  c.netflix.discovery.DiscoveryClient -
				Discovery Client initialized at timestamp 1627902075355 with initial instances count: 0
2021-08-02 16:31:15 [main] INFO  o.s.c.n.e.s.EurekaServiceRegistry -
				Registering application API-2 with eureka with status UP
2021-08-02 16:31:15 [main] INFO  c.netflix.discovery.DiscoveryClient -
				Saw local status change event StatusChangeEvent [timestamp=1627902075368, current=UP, previous=STARTING]
2021-08-02 16:31:15 [DiscoveryClient-InstanceInfoReplicator-0] INFO  c.netflix.discovery.DiscoveryClient -
				DiscoveryClient_API-2/api-2:1791505422: registering service...
2021-08-02 16:31:15 [main] INFO  s.d.s.w.p.DocumentationPluginsBootstrapper -
				Context refreshed
2021-08-02 16:31:15 [main] INFO  s.d.s.w.p.DocumentationPluginsBootstrapper -
				Found 1 custom documentation plugin(s)
2021-08-02 16:31:15 [main] INFO  s.d.s.w.s.ApiListingReferenceScanner -
				Scanning for api listing references
2021-08-02 16:31:16 [main] INFO  com.api2.Api2Application -
				Started Api2Application in 18.143 seconds (JVM running for 20.36)
2021-08-02 16:31:17 [DiscoveryClient-InstanceInfoReplicator-0] INFO  c.netflix.discovery.DiscoveryClient -
				DiscoveryClient_API-2/api-2:1791505422 - registration status: 204
2021-08-02 16:31:45 [DiscoveryClient-CacheRefreshExecutor-0] INFO  c.netflix.discovery.DiscoveryClient -
				Disable delta property : false
2021-08-02 16:31:45 [DiscoveryClient-CacheRefreshExecutor-0] INFO  c.netflix.discovery.DiscoveryClient -
				Single vip registry refresh property : null
2021-08-02 16:31:45 [DiscoveryClient-CacheRefreshExecutor-0] INFO  c.netflix.discovery.DiscoveryClient -
				Force full registry fetch : false
2021-08-02 16:31:45 [DiscoveryClient-CacheRefreshExecutor-0] INFO  c.netflix.discovery.DiscoveryClient -
				Application is null : false
2021-08-02 16:31:45 [DiscoveryClient-CacheRefreshExecutor-0] INFO  c.netflix.discovery.DiscoveryClient -
				Registered Applications size is zero : true
2021-08-02 16:31:45 [DiscoveryClient-CacheRefreshExecutor-0] INFO  c.netflix.discovery.DiscoveryClient -
				Application version is -1: false
2021-08-02 16:31:45 [DiscoveryClient-CacheRefreshExecutor-0] INFO  c.netflix.discovery.DiscoveryClient -
				Getting all instance registry info from the eureka server
2021-08-02 16:31:45 [DiscoveryClient-CacheRefreshExecutor-0] INFO  c.netflix.discovery.DiscoveryClient -
				The response status is 200
2021-08-02 16:34:37 [http-nio-auto-1-exec-1] INFO  o.a.c.c.C.[Tomcat].[localhost].[/] -
				Initializing Spring DispatcherServlet 'dispatcherServlet'
2021-08-02 16:34:37 [http-nio-auto-1-exec-1] INFO  o.s.web.servlet.DispatcherServlet -
				Initializing Servlet 'dispatcherServlet'
2021-08-02 16:34:37 [http-nio-auto-1-exec-1] INFO  o.s.web.servlet.DispatcherServlet -
				Completed initialization in 4 ms
2021-08-02 16:34:37 [http-nio-auto-1-exec-1] INFO  com.api2.service.ProductServiceImpl -
				Called getProductById service
2021-08-02 16:34:42 [http-nio-auto-1-exec-1] INFO  com.api2.service.ProductServiceImpl -
				Product is absent
2021-08-02 16:34:42 [http-nio-auto-1-exec-1] INFO  com.api2.service.ProductServiceImpl -
				Exited getProductById service
2021-08-02 16:36:13 [AsyncResolver-bootstrap-executor-0] INFO  c.n.d.s.r.aws.ConfigClusterResolver -
				Resolving eureka endpoints via configuration
2021-08-02 16:36:16 [http-nio-auto-1-exec-10] INFO  com.api2.service.ProductServiceImpl -
				Called getProductById service
2021-08-02 16:36:16 [http-nio-auto-1-exec-10] INFO  com.api2.service.ProductServiceImpl -
				Product is Present and Returned
2021-08-02 16:36:16 [http-nio-auto-1-exec-10] INFO  com.api2.service.ProductServiceImpl -
				Exited getProductById service
2021-08-02 16:36:27 [http-nio-auto-1-exec-6] INFO  com.api2.service.ProductServiceImpl -
				Called getProductById service
2021-08-02 16:36:27 [http-nio-auto-1-exec-6] INFO  com.api2.service.ProductServiceImpl -
				Product is Present and Returned
2021-08-02 16:36:27 [http-nio-auto-1-exec-6] INFO  com.api2.service.ProductServiceImpl -
				Exited getProductById service
2021-08-02 16:41:13 [AsyncResolver-bootstrap-executor-0] INFO  c.n.d.s.r.aws.ConfigClusterResolver -
				Resolving eureka endpoints via configuration
2021-08-02 16:41:54 [RMI TCP Connection(15)-127.0.0.1] INFO  o.s.b.a.SpringApplicationAdminMXBeanRegistrar$SpringApplicationAdmin -
				Application shutdown requested.
2021-08-02 16:41:54 [RMI TCP Connection(15)-127.0.0.1] INFO  o.s.c.n.e.s.EurekaServiceRegistry -
				Unregistering application API-2 with eureka with status DOWN
2021-08-02 16:41:54 [RMI TCP Connection(15)-127.0.0.1] INFO  c.netflix.discovery.DiscoveryClient -
				Saw local status change event StatusChangeEvent [timestamp=1627902714453, current=DOWN, previous=UP]
2021-08-02 16:41:54 [DiscoveryClient-InstanceInfoReplicator-0] INFO  c.netflix.discovery.DiscoveryClient -
				DiscoveryClient_API-2/api-2:1791505422: registering service...
2021-08-02 16:41:54 [DiscoveryClient-InstanceInfoReplicator-0] INFO  c.netflix.discovery.DiscoveryClient -
				DiscoveryClient_API-2/api-2:1791505422 - registration status: 204
2021-08-02 16:41:55 [RMI TCP Connection(15)-127.0.0.1] INFO  o.s.o.j.LocalContainerEntityManagerFactoryBean -
				Closing JPA EntityManagerFactory for persistence unit 'default'
2021-08-02 16:41:56 [RMI TCP Connection(15)-127.0.0.1] INFO  com.zaxxer.hikari.HikariDataSource -
				HikariPool-1 - Shutdown initiated...
2021-08-02 16:41:56 [RMI TCP Connection(15)-127.0.0.1] INFO  com.zaxxer.hikari.HikariDataSource -
				HikariPool-1 - Shutdown completed.
2021-08-02 16:41:56 [RMI TCP Connection(15)-127.0.0.1] INFO  c.netflix.discovery.DiscoveryClient -
				Shutting down DiscoveryClient ...
2021-08-02 16:41:59 [RMI TCP Connection(15)-127.0.0.1] INFO  c.netflix.discovery.DiscoveryClient -
				Unregistering ...
2021-08-02 16:41:59 [RMI TCP Connection(15)-127.0.0.1] INFO  c.netflix.discovery.DiscoveryClient -
				DiscoveryClient_API-2/api-2:1791505422 - deregister  status: 200
2021-08-02 16:42:00 [RMI TCP Connection(15)-127.0.0.1] INFO  c.netflix.discovery.DiscoveryClient -
				Completed shut down of DiscoveryClient
